<?xml version="1.0" encoding="UTF-8"?>
<!-- Generated by org.testng.reporters.JUnitXMLReporter -->
<testsuite ignored="3" hostname="DESKTOP-GICSOBD" failures="0" tests="0" time="0.014" errors="0" timestamp="2021-10-08T07:07:06 COT">
  <testcase classname="tests.Testeo" name="verificarCargaJuguetes" time="0.0">
    <ignored/>
  </testcase> <!-- verificarCargaJuguetes -->
  <testcase classname="tests.Testeo" name="verificarConexion" time="0.0">
    <ignored/>
  </testcase> <!-- verificarConexion -->
  <testcase classname="tests.Testeo" name="verificarCargaTiposJuguetes" time="0.0">
    <ignored/>
  </testcase> <!-- verificarCargaTiposJuguetes -->
</testsuite>
